<?xml version="1.0" encoding="UTF-8"?>
<testng-results ignored="0" total="1" passed="1" failed="0" skipped="0">
  <reporter-output>
  </reporter-output>
  <suite started-at="2024-12-14T16:52:41 IST" name="Default suite" finished-at="2024-12-14T16:52:47 IST" duration-ms="6168">
    <groups>
    </groups>
    <test started-at="2024-12-14T16:52:41 IST" name="Default test" finished-at="2024-12-14T16:52:47 IST" duration-ms="6168">
      <class name="TestCases.TestClass">
        <test-method is-config="true" signature="beforeTest()[pri:0, instance:TestCases.TestClass@66f57048]" started-at="2024-12-14T16:52:41 IST" name="beforeTest" finished-at="2024-12-14T16:52:42 IST" duration-ms="295" status="PASS">
          <reporter-output>
          </reporter-output>
        </test-method> <!-- beforeTest -->
        <test-method is-config="true" signature="beforeTestMethod(java.lang.reflect.Method)[pri:0, instance:TestCases.TestClass@66f57048]" started-at="2024-12-14T16:52:42 IST" name="beforeTestMethod" finished-at="2024-12-14T16:52:46 IST" duration-ms="4319" status="PASS">
          <params>
            <param index="0">
              <value>
                <![CDATA[public void TestCases.TestClass.login()]]>
              </value>
            </param>
          </params>
          <reporter-output>
          </reporter-output>
        </test-method> <!-- beforeTestMethod -->
        <test-method signature="login()[pri:0, instance:TestCases.TestClass@66f57048]" started-at="2024-12-14T16:52:46 IST" name="login" finished-at="2024-12-14T16:52:47 IST" duration-ms="1432" status="PASS">
          <reporter-output>
          </reporter-output>
        </test-method> <!-- login -->
        <test-method is-config="true" signature="afterTestMethod(org.testng.ITestResult)[pri:0, instance:TestCases.TestClass@66f57048]" started-at="2024-12-14T16:52:47 IST" name="afterTestMethod" finished-at="2024-12-14T16:52:47 IST" duration-ms="42" status="PASS">
          <params>
            <param index="0">
              <value>
                <![CDATA[[TestResult name=login status=SUCCESS method=TestClass.login()[pri:0, instance:TestCases.TestClass@66f57048] output={null}]]]>
              </value>
            </param>
          </params>
          <reporter-output>
          </reporter-output>
        </test-method> <!-- afterTestMethod -->
      </class> <!-- TestCases.TestClass -->
    </test> <!-- Default test -->
  </suite> <!-- Default suite -->
</testng-results>
